#
# There is insufficient memory for the Java Runtime Environment to continue.
# Native memory allocation (malloc) failed to allocate 262160 bytes for Chunk::new
# Possible reasons:
#   The system is out of physical RAM or swap space
#   The process is running with CompressedOops enabled, and the Java Heap may be blocking the growth of the native heap
# Possible solutions:
#   Reduce memory load on the system
#   Increase physical memory or swap space
#   Check if swap backing store is full
#   Decrease Java heap size (-Xmx/-Xms)
#   Decrease number of Java threads
#   Decrease Java thread stack sizes (-Xss)
#   Set larger code cache with -XX:ReservedCodeCacheSize=
#   JVM is running with Unscaled Compressed Oops mode in which the Java heap is
#     placed in the first 4GB address space. The Java Heap base address is the
#     maximum limit for the native heap growth. Please use -XX:HeapBaseMinAddress
#     to set the Java Heap base and to place the Java Heap above 4GB virtual address.
# This output file may be truncated or incomplete.
#
#  Out of Memory Error (allocation.cpp:390), pid=3912, tid=0x0000000000002104
#
# JRE version: Java(TM) SE Runtime Environment (8.0_201-b09) (build 1.8.0_201-b09)
# Java VM: Java HotSpot(TM) 64-Bit Server VM (25.201-b09 mixed mode windows-amd64 compressed oops)
# Failed to write core dump. Minidumps are not enabled by default on client versions of Windows
#

---------------  T H R E A D  ---------------

Current thread (0x0000000017d8a800):  JavaThread "C2 CompilerThread1" daemon [_thread_in_native, id=8452, stack(0x0000000019510000,0x0000000019610000)]

Stack: [0x0000000019510000,0x0000000019610000]
[error occurred during error reporting (printing stack bounds), id 0xc0000005]

Native frames: (J=compiled Java code, j=interpreted, Vv=VM code, C=native code)


Current CompileTask:
C2: 250859 2038       4       javax.swing.plaf.nimbus.NimbusStyle::validate (1178 bytes)


---------------  P R O C E S S  ---------------

Java Threads: ( => current thread )
  0x000000001b7ae800 JavaThread "D3D Screen Updater" daemon [_thread_blocked, id=1980, stack(0x00000000231e0000,0x00000000232e0000)]
  0x000000001b6ee000 JavaThread "TimerQueue" daemon [_thread_blocked, id=11188, stack(0x00000000202a0000,0x00000000203a0000)]
  0x000000000315e000 JavaThread "DestroyJavaVM" [_thread_blocked, id=2524, stack(0x0000000002f80000,0x0000000003080000)]
  0x000000001b2b7000 JavaThread "AWT-EventQueue-0" [_thread_in_Java, id=2644, stack(0x000000001ba60000,0x000000001bb60000)]
  0x0000000019abb000 JavaThread "AWT-Windows" daemon [_thread_in_native, id=7252, stack(0x000000001a070000,0x000000001a170000)]
  0x0000000019aba000 JavaThread "AWT-Shutdown" [_thread_blocked, id=5216, stack(0x0000000019f70000,0x000000001a070000)]
  0x0000000019ab9800 JavaThread "Java2D Disposer" daemon [_thread_blocked, id=4880, stack(0x0000000019e70000,0x0000000019f70000)]
  0x0000000017dde800 JavaThread "Service Thread" daemon [_thread_blocked, id=10768, stack(0x0000000019b10000,0x0000000019c10000)]
  0x0000000017d8d000 JavaThread "C1 CompilerThread2" daemon [_thread_blocked, id=8560, stack(0x0000000019610000,0x0000000019710000)]
=>0x0000000017d8a800 JavaThread "C2 CompilerThread1" daemon [_thread_in_native, id=8452, stack(0x0000000019510000,0x0000000019610000)]
  0x0000000017d87000 JavaThread "C2 CompilerThread0" daemon [_thread_in_native, id=10592, stack(0x0000000019410000,0x0000000019510000)]
  0x0000000017d85800 JavaThread "Attach Listener" daemon [_thread_blocked, id=10180, stack(0x0000000019310000,0x0000000019410000)]
  0x0000000017d84800 JavaThread "Signal Dispatcher" daemon [_thread_blocked, id=7872, stack(0x0000000019210000,0x0000000019310000)]
  0x000000000325c000 JavaThread "Finalizer" daemon [_thread_blocked, id=4696, stack(0x0000000019000000,0x0000000019100000)]
  0x0000000003253000 JavaThread "Reference Handler" daemon [_thread_blocked, id=4668, stack(0x0000000018f00000,0x0000000019000000)]

Other Threads:
  0x0000000017d47000 VMThread [stack: 0x0000000018e00000,0x0000000018f00000] [id=1256]
  0x0000000019762800 WatcherThread [stack: 0x0000000019c10000,0x0000000019d10000] [id=8516]

VM state:not at safepoint (normal execution)

VM Mutex/Monitor currently owned by a thread: None

heap address: 0x0000000081e00000, size: 2018 MB, Compressed Oops mode: 32-bit
Narrow klass base: 0x0000000000000000, Narrow klass shift: 3
Compressed class space size: 1073741824 Address: 0x0000000100000000

Heap:
 PSYoungGen      total 38400K, used 27688K [0x00000000d5f80000, 0x00000000d8a00000, 0x0000000100000000)
  eden space 33280K, 83% used [0x00000000d5f80000,0x00000000d7a8a3d8,0x00000000d8000000)
  from space 5120K, 0% used [0x00000000d8500000,0x00000000d8500000,0x00000000d8a00000)
  to   space 5120K, 0% used [0x00000000d8000000,0x00000000d8000000,0x00000000d8500000)
 ParOldGen       total 87552K, used 0K [0x0000000081e00000, 0x0000000087380000, 0x00000000d5f80000)
  object space 87552K, 0% used [0x0000000081e00000,0x0000000081e00000,0x0000000087380000)
 Metaspace       used 15646K, capacity 15934K, committed 16256K, reserved 1062912K
  class space    used 2031K, capacity 2103K, committed 2176K, reserved 1048576K

Card table byte_map: [0x0000000012620000,0x0000000012a20000] byte_map_base: 0x0000000012211000

Marking Bits: (ParMarkBitMap*) 0x000000006db14ce0
 Begin Bits: [0x00000000130d0000, 0x0000000015058000)
 End Bits:   [0x0000000015058000, 0x0000000016fe0000)

Polling page: 0x0000000001260000

CodeCache: size=245760Kb used=6553Kb max_used=6564Kb free=239206Kb
 bounds [0x0000000003260000, 0x00000000038d0000, 0x0000000012260000]
 total_blobs=2569 nmethods=2044 adapters=436
 compilation: enabled

Compilation events (10 events):
Event: 250.847 Thread 0x0000000017d8d000 2041       1       java.awt.MultipleGradientPaintContext::getColorModel (5 bytes)
Event: 250.847 Thread 0x0000000017d8d000 nmethod 2041 0x00000000038bacd0 code [0x00000000038bae20, 0x00000000038baf30]
Event: 250.847 Thread 0x0000000017d8d000 2042 %     3       java.awt.LinearGradientPaintContext::fillRaster @ 50 (97 bytes)
Event: 250.848 Thread 0x0000000017d8d000 nmethod 2042% 0x00000000038c5c10 code [0x00000000038c5da0, 0x00000000038c6368]
Event: 250.849 Thread 0x0000000017d8d000 2043       3       java.awt.LinearGradientPaintContext::fillRaster (97 bytes)
Event: 250.850 Thread 0x0000000017d8d000 nmethod 2043 0x00000000038c53d0 code [0x00000000038c5560, 0x00000000038c59a8]
Event: 250.850 Thread 0x0000000017d87000 2044       4       java.awt.MultipleGradientPaintContext::indexIntoGradientsArrays (190 bytes)
Event: 250.854 Thread 0x0000000017d87000 nmethod 2044 0x00000000038c9e90 code [0x00000000038ca020, 0x00000000038ca378]
Event: 250.854 Thread 0x0000000017d87000 2045       4       sun.java2d.SunGraphics2D::getCompClip (19 bytes)
Event: 250.854 Thread 0x0000000017d87000 nmethod 2045 0x00000000038c4610 code [0x00000000038c4740, 0x00000000038c47d8]

GC Heap History (0 events):
No events

Deoptimization events (10 events):
Event: 0.544 Thread 0x000000001b2b7000 Uncommon trap: reason=class_check action=maybe_recompile pc=0x00000000033ec5a0 method=java.lang.String.equals(Ljava/lang/Object;)Z @ 8
Event: 0.613 Thread 0x000000001b2b7000 Uncommon trap: reason=class_check action=maybe_recompile pc=0x00000000033ec5a0 method=java.lang.String.equals(Ljava/lang/Object;)Z @ 8
Event: 0.613 Thread 0x000000001b2b7000 Uncommon trap: reason=class_check action=maybe_recompile pc=0x00000000033ec5a0 method=java.lang.String.equals(Ljava/lang/Object;)Z @ 8
Event: 2.422 Thread 0x000000001b2b7000 Uncommon trap: reason=unstable_if action=reinterpret pc=0x000000000357fd98 method=java.awt.Component.inside(II)Z @ 9
Event: 17.719 Thread 0x000000001b2b7000 Uncommon trap: reason=predicate action=maybe_recompile pc=0x0000000003626560 method=java.awt.LinearGradientPaintContext.fillRaster([IIIIIII)V @ 56
Event: 17.719 Thread 0x000000001b2b7000 Uncommon trap: reason=unstable_if action=reinterpret pc=0x000000000351d824 method=java.awt.MultipleGradientPaintContext.indexIntoGradientsArrays(F)I @ 24
Event: 17.720 Thread 0x000000001b2b7000 Uncommon trap: reason=unstable_if action=reinterpret pc=0x0000000003620aa0 method=java.awt.MultipleGradientPaintContext.indexIntoGradientsArrays(F)I @ 93
Event: 22.842 Thread 0x000000001b2b7000 Uncommon trap: reason=unstable_if action=reinterpret pc=0x000000000379d18c method=java.security.AccessControlContext.optimize()Ljava/security/AccessControlContext; @ 220
Event: 250.766 Thread 0x000000001b2b7000 Uncommon trap: reason=unstable_if action=reinterpret pc=0x000000000381d6b8 method=sun.java2d.pipe.BufferedContext.validate(Lsun/java2d/pipe/hw/AccelSurface;Lsun/java2d/pipe/hw/AccelSurface;Lsun/java2d/pipe/Region;Ljava/awt/Composite;Ljava/awt/geom/AffineT
Event: 250.846 Thread 0x000000001b2b7000 Uncommon trap: reason=unstable_if action=reinterpret pc=0x000000000373a638 method=java.awt.MultipleGradientPaintContext.indexIntoGradientsArrays(F)I @ 13

Classes redefined (0 events):
No events

Internal exceptions (10 events):
Event: 0.209 Thread 0x000000000315e000 Exception <a 'java/lang/ClassNotFoundException': ToolBarSeparator> (0x00000000d6392c28) thrown at [C:\re\workspace\8-2-build-windows-amd64-cygwin\jdk8u201\12322\hotspot\src\share\vm\classfile\systemDictionary.cpp, line 210]
Event: 0.209 Thread 0x000000000315e000 Exception <a 'java/lang/ClassNotFoundException': ToolTip> (0x00000000d6393368) thrown at [C:\re\workspace\8-2-build-windows-amd64-cygwin\jdk8u201\12322\hotspot\src\share\vm\classfile\systemDictionary.cpp, line 210]
Event: 0.210 Thread 0x000000000315e000 Exception <a 'java/lang/ClassNotFoundException': Tree> (0x00000000d6393f88) thrown at [C:\re\workspace\8-2-build-windows-amd64-cygwin\jdk8u201\12322\hotspot\src\share\vm\classfile\systemDictionary.cpp, line 210]
Event: 0.210 Thread 0x000000000315e000 Exception <a 'java/lang/ClassNotFoundException': Tree> (0x00000000d63946c8) thrown at [C:\re\workspace\8-2-build-windows-amd64-cygwin\jdk8u201\12322\hotspot\src\share\vm\classfile\systemDictionary.cpp, line 210]
Event: 0.210 Thread 0x000000000315e000 Exception <a 'java/lang/ClassNotFoundException': javax/swing/JTreeCell> (0x00000000d6394a48) thrown at [C:\re\workspace\8-2-build-windows-amd64-cygwin\jdk8u201\12322\hotspot\src\share\vm\classfile\systemDictionary.cpp, line 210]
Event: 0.210 Thread 0x000000000315e000 Exception <a 'java/lang/ClassNotFoundException': TreeCell> (0x00000000d6394ed0) thrown at [C:\re\workspace\8-2-build-windows-amd64-cygwin\jdk8u201\12322\hotspot\src\share\vm\classfile\systemDictionary.cpp, line 210]
Event: 0.210 Thread 0x000000000315e000 Exception <a 'java/lang/ClassNotFoundException': RootPane> (0x00000000d6395930) thrown at [C:\re\workspace\8-2-build-windows-amd64-cygwin\jdk8u201\12322\hotspot\src\share\vm\classfile\systemDictionary.cpp, line 210]
Event: 31.192 Thread 0x000000001b2b7000 Exception <a 'java/lang/NullPointerException'> (0x00000000d6f7aac8) thrown at [C:\re\workspace\8-2-build-windows-amd64-cygwin\jdk8u201\12322\hotspot\src\share\vm\interpreter\linkResolver.cpp, line 1185]
Event: 31.192 Thread 0x000000001b2b7000 Exception <a 'java/lang/NullPointerException'> (0x00000000d6f7aac8) thrown at [C:\re\workspace\8-2-build-windows-amd64-cygwin\jdk8u201\12322\hotspot\src\share\vm\prims\jvm.cpp, line 1506]
Event: 31.192 Thread 0x000000001b2b7000 Exception <a 'java/lang/NullPointerException'> (0x00000000d6f7aac8) thrown at [C:\re\workspace\8-2-build-windows-amd64-cygwin\jdk8u201\12322\hotspot\src\share\vm\prims\jvm.cpp, line 1506]

Events (10 events):
Event: 250.766 Thread 0x000000001b2b7000 DEOPT UNPACKING pc=0x00000000032a583b sp=0x000000001bb5c758 mode 2
Event: 250.842 loading class sun/awt/image/BufferedImageDevice
Event: 250.842 loading class sun/awt/image/BufferedImageDevice done
Event: 250.842 loading class sun/awt/image/BufImgVolatileSurfaceManager
Event: 250.842 loading class sun/awt/image/BufImgVolatileSurfaceManager done
Event: 250.843 loading class sun/java2d/loops/Blit$GeneralMaskBlit
Event: 250.844 loading class sun/java2d/loops/Blit$GeneralMaskBlit done
Event: 250.846 Thread 0x000000001b2b7000 Uncommon trap: trap_request=0xffffff65 fr.pc=0x000000000373a638
Event: 250.846 Thread 0x000000001b2b7000 DEOPT PACKING pc=0x000000000373a638 sp=0x000000001bb5b700
Event: 250.846 Thread 0x000000001b2b7000 DEOPT UNPACKING pc=0x00000000032a583b sp=0x000000001bb5b600 mode 2


Dynamic libraries:
0x00007ff7706a0000 - 0x00007ff7706d7000 	C:\Program Files\Java\jdk1.8.0_201\bin\java.exe
0x00007ff8fea70000 - 0x00007ff8fec5d000 	C:\WINDOWS\SYSTEM32\ntdll.dll
0x00007ff8fcaf0000 - 0x00007ff8fcba3000 	C:\WINDOWS\System32\KERNEL32.DLL
0x00007ff8fab90000 - 0x00007ff8fae23000 	C:\WINDOWS\System32\KERNELBASE.dll
0x00007ff8fc600000 - 0x00007ff8fc6a3000 	C:\WINDOWS\System32\ADVAPI32.dll
0x00007ff8fe1e0000 - 0x00007ff8fe27e000 	C:\WINDOWS\System32\msvcrt.dll
0x00007ff8fe510000 - 0x00007ff8fe5ae000 	C:\WINDOWS\System32\sechost.dll
0x00007ff8fe0b0000 - 0x00007ff8fe1d2000 	C:\WINDOWS\System32\RPCRT4.dll
0x00007ff8fe370000 - 0x00007ff8fe507000 	C:\WINDOWS\System32\USER32.dll
0x00007ff8fb7a0000 - 0x00007ff8fb7c0000 	C:\WINDOWS\System32\win32u.dll
0x00007ff8fbcf0000 - 0x00007ff8fbd19000 	C:\WINDOWS\System32\GDI32.dll
0x00007ff8fb920000 - 0x00007ff8fbab9000 	C:\WINDOWS\System32\gdi32full.dll
0x00007ff8fae30000 - 0x00007ff8faed0000 	C:\WINDOWS\System32\msvcp_win.dll
0x00007ff8fb7c0000 - 0x00007ff8fb8ba000 	C:\WINDOWS\System32\ucrtbase.dll
0x00007ff8f0760000 - 0x00007ff8f09d9000 	C:\WINDOWS\WinSxS\amd64_microsoft.windows.common-controls_6595b64144ccf1df_6.0.17763.802_none_05b1445c0722d2cc\COMCTL32.dll
0x00007ff8fc6b0000 - 0x00007ff8fc9dc000 	C:\WINDOWS\System32\combase.dll
0x00007ff8faed0000 - 0x00007ff8faf4e000 	C:\WINDOWS\System32\bcryptPrimitives.dll
0x00007ff8fbfe0000 - 0x00007ff8fc00e000 	C:\WINDOWS\System32\IMM32.DLL
0x000000006d210000 - 0x000000006d2e1000 	C:\Program Files\Java\jdk1.8.0_201\jre\bin\msvcr100.dll
0x000000006d2f0000 - 0x000000006db94000 	C:\Program Files\Java\jdk1.8.0_201\jre\bin\server\jvm.dll
0x00007ff8fc170000 - 0x00007ff8fc178000 	C:\WINDOWS\System32\PSAPI.DLL
0x00007ff8f8cc0000 - 0x00007ff8f8ce4000 	C:\WINDOWS\SYSTEM32\WINMM.dll
0x00007ff8cf450000 - 0x00007ff8cf459000 	C:\WINDOWS\SYSTEM32\WSOCK32.dll
0x00007ff8f5bf0000 - 0x00007ff8f5bfa000 	C:\WINDOWS\SYSTEM32\VERSION.dll
0x0000000002e40000 - 0x0000000002ead000 	C:\WINDOWS\System32\ws2_32.DLL
0x00007ff8f8b70000 - 0x00007ff8f8b9d000 	C:\WINDOWS\SYSTEM32\winmmbase.dll
0x00007ff8fbac0000 - 0x00007ff8fbb0a000 	C:\WINDOWS\System32\cfgmgr32.dll
0x00007ff8cf440000 - 0x00007ff8cf44f000 	C:\Program Files\Java\jdk1.8.0_201\jre\bin\verify.dll
0x00007ff8c6c50000 - 0x00007ff8c6c79000 	C:\Program Files\Java\jdk1.8.0_201\jre\bin\java.dll
0x00007ff8ce7d0000 - 0x00007ff8ce7e6000 	C:\Program Files\Java\jdk1.8.0_201\jre\bin\zip.dll
0x00007ff8fcbb0000 - 0x00007ff8fe0a4000 	C:\WINDOWS\System32\SHELL32.dll
0x00007ff8fca40000 - 0x00007ff8fcae8000 	C:\WINDOWS\System32\shcore.dll
0x00007ff8faf50000 - 0x00007ff8fb69d000 	C:\WINDOWS\System32\windows.storage.dll
0x00007ff8fab60000 - 0x00007ff8fab84000 	C:\WINDOWS\System32\profapi.dll
0x00007ff8fab00000 - 0x00007ff8fab5d000 	C:\WINDOWS\System32\powrprof.dll
0x00007ff8fe9e0000 - 0x00007ff8fea32000 	C:\WINDOWS\System32\shlwapi.dll
0x00007ff8faac0000 - 0x00007ff8faad1000 	C:\WINDOWS\System32\kernel.appcore.dll
0x00007ff8fb6a0000 - 0x00007ff8fb6b7000 	C:\WINDOWS\System32\cryptsp.dll
0x00007ff8a3370000 - 0x00007ff8a3509000 	C:\Program Files\Java\jdk1.8.0_201\jre\bin\awt.dll
0x00007ff8fbd30000 - 0x00007ff8fbdf4000 	C:\WINDOWS\System32\OLEAUT32.dll
0x00007ff8f8dc0000 - 0x00007ff8f8e4c000 	C:\WINDOWS\SYSTEM32\apphelp.dll
0x00007ff8f9070000 - 0x00007ff8f910c000 	C:\WINDOWS\system32\uxtheme.dll
0x00007ff8fe870000 - 0x00007ff8fe9db000 	C:\WINDOWS\System32\MSCTF.dll
0x00007ff8f9380000 - 0x00007ff8f93ae000 	C:\WINDOWS\system32\dwmapi.dll
0x00007ff8fbb10000 - 0x00007ff8fbceb000 	C:\WINDOWS\System32\CRYPT32.dll
0x00007ff8faae0000 - 0x00007ff8faaf2000 	C:\WINDOWS\System32\MSASN1.dll
0x00007ff8fc010000 - 0x00007ff8fc165000 	C:\WINDOWS\System32\ole32.dll
0x00007ff8c2730000 - 0x00007ff8c2777000 	C:\Program Files\Java\jdk1.8.0_201\jre\bin\fontmanager.dll
0x00007ff8da810000 - 0x00007ff8da937000 	C:\WINDOWS\system32\opengl32.dll
0x00007ff8da7a0000 - 0x00007ff8da7cc000 	C:\WINDOWS\SYSTEM32\GLU32.dll
0x00007ff8f1d30000 - 0x00007ff8f1ece000 	C:\WINDOWS\system32\d3d9.dll
0x00007ff8f5c00000 - 0x00007ff8f5ceb000 	C:\WINDOWS\System32\DriverStore\FileRepository\nv_dispi.inf_amd64_c1a085cc86772d3f\nvldumdx.dll
0x00007ff8f9e10000 - 0x00007ff8f9e43000 	C:\WINDOWS\system32\rsaenh.dll
0x00007ff8fb6c0000 - 0x00007ff8fb6e6000 	C:\WINDOWS\System32\bcrypt.dll
0x00007ff8fa400000 - 0x00007ff8fa40c000 	C:\WINDOWS\SYSTEM32\CRYPTBASE.dll
0x00007ff8b5330000 - 0x00007ff8b653d000 	C:\WINDOWS\System32\DriverStore\FileRepository\nv_dispi.inf_amd64_c1a085cc86772d3f\nvd3dumx.dll
0x00007ff8f2a10000 - 0x00007ff8f2afc000 	C:\Program Files (x86)\NVIDIA Corporation\3D Vision\nvSCPAPI64.dll
0x00007ff8fc180000 - 0x00007ff8fc5f6000 	C:\WINDOWS\System32\SETUPAPI.dll
0x00007ff8db290000 - 0x00007ff8db556000 	C:\WINDOWS\system32\nvspcap64.dll
0x00007ff8f9af0000 - 0x00007ff8f9b21000 	C:\WINDOWS\SYSTEM32\ntmarta.dll
0x00007ff8cdc50000 - 0x00007ff8cdc6a000 	C:\Program Files\Java\jdk1.8.0_201\jre\bin\net.dll
0x00007ff8ef630000 - 0x00007ff8ef807000 	C:\WINDOWS\SYSTEM32\urlmon.dll
0x00007ff8ef0e0000 - 0x00007ff8ef388000 	C:\WINDOWS\SYSTEM32\iertutil.dll
0x00007ff8fa280000 - 0x00007ff8fa2e7000 	C:\WINDOWS\system32\mswsock.dll
0x00007ff8c2ac0000 - 0x00007ff8c2ad1000 	C:\Program Files\Java\jdk1.8.0_201\jre\bin\nio.dll
0x00007ff8c2120000 - 0x00007ff8c2162000 	C:\Program Files\Java\jdk1.8.0_201\jre\bin\t2k.dll
0x00007ff8fbf30000 - 0x00007ff8fbfd2000 	C:\WINDOWS\System32\clbcatq.dll
0x00007ff8f60d0000 - 0x00007ff8f6288000 	C:\WINDOWS\SYSTEM32\WindowsCodecs.dll
0x00007ff8d2550000 - 0x00007ff8d25a6000 	C:\WINDOWS\system32\dataexchange.dll
0x00007ff8f84c0000 - 0x00007ff8f8683000 	C:\WINDOWS\system32\dcomp.dll
0x00007ff8f7c80000 - 0x00007ff8f7efe000 	C:\WINDOWS\system32\d3d11.dll
0x00007ff8f97b0000 - 0x00007ff8f9872000 	C:\WINDOWS\system32\dxgi.dll
0x00007ff8f9140000 - 0x00007ff8f934d000 	C:\WINDOWS\system32\twinapi.appcore.dll
0x00007ff8f9350000 - 0x00007ff8f9378000 	C:\WINDOWS\system32\RMCLIENT.dll
0x00007ff8e3eb0000 - 0x00007ff8e3f45000 	C:\WINDOWS\System32\TextInputFramework.dll
0x00007ff8f6660000 - 0x00007ff8f6982000 	C:\WINDOWS\System32\CoreUIComponents.dll
0x00007ff8f8a30000 - 0x00007ff8f8b12000 	C:\WINDOWS\System32\CoreMessaging.dll
0x00007ff8f64a0000 - 0x00007ff8f65f3000 	C:\WINDOWS\SYSTEM32\wintypes.dll
0x00007ff8c0760000 - 0x00007ff8c078a000 	C:\Program Files\Java\jdk1.8.0_201\jre\bin\dcpr.dll
0x00007ff8fb8c0000 - 0x00007ff8fb919000 	C:\WINDOWS\System32\WINTRUST.DLL
0x00007ff8fe5b0000 - 0x00007ff8fe5cd000 	C:\WINDOWS\System32\imagehlp.dll

VM Arguments:
jvm_args: -Dfile.encoding=UTF-8 
java_command: View.Vendas
java_class_path (initial): C:\Users\lucas\Documents\NetBeansProjects\java-sports\Projeto\lib\absolutelayout\AbsoluteLayout.jar;C:\Users\lucas\Documents\NetBeansProjects\java-sports\Projeto\lib\KGradientPanel.jar;C:\Users\lucas\Documents\NetBeansProjects\java-sports\Projeto\build\classes
Launcher Type: SUN_STANDARD

Environment Variables:
JAVA_HOME=C:\Program Files\Java\jdk1.8.0_201
PATH=C:\ProgramData\DockerDesktop\version-bin;C:\Program Files\Docker\Docker\Resources\bin;C:\python3\Scripts\;C:\python3\;C:\Program Files (x86)\Common Files\Oracle\Java\javapath;C:\Windows\system32;C:\Windows;C:\Windows\System32\Wbem;C:\Windows\System32\WindowsPowerShell\v1.0\;C:\Program Files\NVIDIA Corporation\NVIDIA NvDLISR;C:\Program Files (x86)\NVIDIA Corporation\PhysX\Common;C:\WINDOWS\system32;C:\WINDOWS;C:\WINDOWS\System32\Wbem;C:\WINDOWS\System32\WindowsPowerShell\v1.0\;C:\WINDOWS\System32\OpenSSH\;C:\Program Files\Git\cmd;C:\Program Files\IBM\Cloud\bin;C:\apache-maven-3.6.1\bin;C:\Program Files\Java\jdk1.8.0_201;C:\Program Files\nodejs\;C:\Users\lucas\AppData\Local\Microsoft\WindowsApps;;C:\Users\lucas\AppData\Local\Programs\Microsoft VS Code\bin;C:\Users\lucas\AppData\Roaming\npm
USERNAME=lucas
OS=Windows_NT
PROCESSOR_IDENTIFIER=Intel64 Family 6 Model 58 Stepping 9, GenuineIntel



---------------  S Y S T E M  ---------------

OS: Windows 10.0 , 64 bit Build 17763 (10.0.17763.475)

CPU:total 4 (initial active 4) (4 cores per cpu, 1 threads per core) family 6 model 58 stepping 9, cmov, cx8, fxsr, mmx, sse, sse2, sse3, ssse3, sse4.1, sse4.2, popcnt, avx, aes, clmul, erms, tsc, tscinvbit, tscinv

Memory: 4k page, physical 8260664k(1235692k free), swap 8260664k(4104k free)

vm_info: Java HotSpot(TM) 64-Bit Server VM (25.201-b09) for windows-amd64 JRE (1.8.0_201-b09), built on Dec 15 2018 18:36:39 by "java_re" with MS VC++ 10.0 (VS2010)

time: Sat Nov 02 14:51:53 2019
timezone: Hora oficial do Brasil
elapsed time: 250 seconds (0d 0h 4m 10s)

